[0m21:25:35.836377 [debug] [MainThread]: Sending event: {'category': 'dbt', 'action': 'invocation', 'label': 'start', 'context': [<snowplow_tracker.self_describing_json.SelfDescribingJson object at 0x000001EC4A2DB350>, <snowplow_tracker.self_describing_json.SelfDescribingJson object at 0x000001EC4BCA16A0>, <snowplow_tracker.self_describing_json.SelfDescribingJson object at 0x000001EC4C118FB0>]}


============================== 21:25:35.960232 | 760bc27a-dbe3-4d79-83d2-0eba80cf7525 ==============================
[0m21:25:35.960232 [info ] [MainThread]: Running with dbt=1.11.7
[0m21:25:35.961231 [debug] [MainThread]: running dbt with arguments {'static_parser': 'True', 'no_print': 'None', 'version_check': 'True', 'warn_error_options': 'WarnErrorOptionsV2(error=[], warn=[], silence=[])', 'target_path': 'None', 'printer_width': '80', 'write_json': 'True', 'empty': 'None', 'log_cache_events': 'False', 'introspect': 'True', 'cache_selected_only': 'False', 'fail_fast': 'False', 'debug': 'False', 'log_format': 'default', 'partial_parse': 'True', 'send_anonymous_usage_stats': 'True', 'quiet': 'False', 'warn_error': 'None', 'profiles_dir': 'C:\\Users\\deepi\\.dbt', 'invocation_command': 'dbt init', 'indirect_selection': 'eager', 'use_colors': 'True', 'use_experimental_parser': 'False', 'log_path': 'logs'}
[0m21:25:36.306844 [info ] [MainThread]: Creating dbt configuration folder at C:\Users\deepi\.dbt
[0m21:26:47.290317 [debug] [MainThread]: Starter project path: C:\Users\deepi\Documents\Practice_projects\SN&DBTproject\DBT_snowflake\.venv\Lib\site-packages\dbt\include\starter_project
[0m21:26:47.367624 [info ] [MainThread]: 
Your new dbt project "aws_dbt_snowflake_project" was created!

For more information on how to configure the profiles.yml file,
please consult the dbt documentation here:

  https://docs.getdbt.com/docs/configure-your-profile

One more thing:

Need help? Don't hesitate to reach out to us via GitHub issues or on Slack:

  https://community.getdbt.com/

Happy modeling!

[0m21:26:47.368626 [info ] [MainThread]: Setting up your profile.
[0m21:27:07.682843 [debug] [MainThread]: Snowflake adapter: Setting snowflake.connector to ERROR (file logging only)
[0m21:27:07.682843 [debug] [MainThread]: Snowflake adapter: Setting botocore to ERROR (file logging only)
[0m21:27:07.682843 [debug] [MainThread]: Snowflake adapter: Setting boto3 to ERROR (file logging only)
[0m21:32:41.147280 [info ] [MainThread]: Profile aws_dbt_snowflake_project written to C:\Users\deepi\.dbt\profiles.yml using target's profile_template.yml and your supplied values. Run 'dbt debug' to validate the connection.
[0m21:32:41.150809 [debug] [MainThread]: Command `dbt init` succeeded at 21:32:41.150809 after 425.48 seconds
[0m21:32:41.151829 [debug] [MainThread]: Sending event: {'category': 'dbt', 'action': 'invocation', 'label': 'end', 'context': [<snowplow_tracker.self_describing_json.SelfDescribingJson object at 0x000001EC4DF9ADB0>, <snowplow_tracker.self_describing_json.SelfDescribingJson object at 0x000001EC4DF8BCB0>, <snowplow_tracker.self_describing_json.SelfDescribingJson object at 0x000001EC4A2E1EE0>]}
[0m21:32:41.153387 [debug] [MainThread]: Flushing usage events
[0m21:32:41.759341 [debug] [MainThread]: An error was encountered while trying to flush usage events
[0m22:42:46.552049 [debug] [MainThread]: Sending event: {'category': 'dbt', 'action': 'invocation', 'label': 'start', 'context': [<snowplow_tracker.self_describing_json.SelfDescribingJson object at 0x0000025D6B0A7B30>, <snowplow_tracker.self_describing_json.SelfDescribingJson object at 0x0000025D6AD43A40>, <snowplow_tracker.self_describing_json.SelfDescribingJson object at 0x0000025D6A509250>]}


============================== 22:42:46.558117 | b696cd1a-8d82-4ebc-bcc1-3430f5818977 ==============================
[0m22:42:46.558117 [info ] [MainThread]: Running with dbt=1.11.7
[0m22:42:46.560143 [debug] [MainThread]: running dbt with arguments {'version_check': 'True', 'no_print': 'None', 'static_parser': 'True', 'target_path': 'None', 'warn_error_options': 'WarnErrorOptionsV2(error=[], warn=[], silence=[])', 'printer_width': '80', 'write_json': 'True', 'empty': 'None', 'log_cache_events': 'False', 'introspect': 'True', 'cache_selected_only': 'False', 'log_format': 'default', 'debug': 'False', 'fail_fast': 'False', 'profiles_dir': 'C:\\Users\\deepi\\.dbt', 'send_anonymous_usage_stats': 'True', 'quiet': 'False', 'warn_error': 'None', 'partial_parse': 'True', 'invocation_command': 'dbt init', 'indirect_selection': 'eager', 'use_colors': 'True', 'use_experimental_parser': 'False', 'log_path': 'logs'}
[0m23:26:31.267121 [debug] [MainThread]: Sending event: {'category': 'dbt', 'action': 'invocation', 'label': 'start', 'context': [<snowplow_tracker.self_describing_json.SelfDescribingJson object at 0x000002184AAD7CE0>, <snowplow_tracker.self_describing_json.SelfDescribingJson object at 0x000002184DBACE30>, <snowplow_tracker.self_describing_json.SelfDescribingJson object at 0x000002184E190E90>]}


============================== 23:26:31.269904 | 691a2808-c5dd-42cf-b6fa-ecf37f19b6ec ==============================
[0m23:26:31.269904 [info ] [MainThread]: Running with dbt=1.11.7
[0m23:26:31.272362 [debug] [MainThread]: running dbt with arguments {'static_parser': 'True', 'no_print': 'None', 'version_check': 'True', 'target_path': 'None', 'warn_error_options': 'WarnErrorOptionsV2(error=[], warn=[], silence=[])', 'printer_width': '80', 'write_json': 'True', 'introspect': 'True', 'log_cache_events': 'False', 'empty': 'False', 'cache_selected_only': 'False', 'fail_fast': 'False', 'debug': 'False', 'log_format': 'default', 'profiles_dir': 'C:\\Users\\deepi\\.dbt', 'send_anonymous_usage_stats': 'True', 'quiet': 'False', 'warn_error': 'None', 'partial_parse': 'True', 'use_colors': 'True', 'indirect_selection': 'eager', 'invocation_command': 'dbt run', 'use_experimental_parser': 'False', 'log_path': 'logs'}
[0m23:26:31.273123 [error] [MainThread]: Encountered an error:
Runtime Error
  No dbt_project.yml found at expected path C:\Users\deepi\Documents\Practice_projects\SN&DBTproject\DBT_snowflake\dbt_project.yml
  Verify that each entry within packages.yml (and their transitive dependencies) contains a file named dbt_project.yml
  
[0m23:26:31.273123 [debug] [MainThread]: Command `dbt run` failed at 23:26:31.273123 after 0.21 seconds
[0m23:26:31.273123 [debug] [MainThread]: Sending event: {'category': 'dbt', 'action': 'invocation', 'label': 'end', 'context': [<snowplow_tracker.self_describing_json.SelfDescribingJson object at 0x000002184AAD7CE0>, <snowplow_tracker.self_describing_json.SelfDescribingJson object at 0x000002184B903680>, <snowplow_tracker.self_describing_json.SelfDescribingJson object at 0x000002184B903D40>]}
[0m23:26:31.274361 [debug] [MainThread]: Flushing usage events
[0m23:26:31.807723 [debug] [MainThread]: An error was encountered while trying to flush usage events
[0m12:08:14.256945 [debug] [MainThread]: Sending event: {'category': 'dbt', 'action': 'invocation', 'label': 'start', 'context': [<snowplow_tracker.self_describing_json.SelfDescribingJson object at 0x000001AAE2E4FC50>, <snowplow_tracker.self_describing_json.SelfDescribingJson object at 0x000001AAE2C3F920>, <snowplow_tracker.self_describing_json.SelfDescribingJson object at 0x000001AAE2BFBD10>]}


============================== 12:08:14.258061 | e5804875-c8df-4322-9975-ced015ae49d0 ==============================
[0m12:08:14.258061 [info ] [MainThread]: Running with dbt=1.11.7
[0m12:08:14.258061 [debug] [MainThread]: running dbt with arguments {'version_check': 'True', 'no_print': 'None', 'static_parser': 'True', 'target_path': 'None', 'warn_error_options': 'WarnErrorOptionsV2(error=[], warn=[], silence=[])', 'printer_width': '80', 'write_json': 'True', 'introspect': 'True', 'log_cache_events': 'False', 'empty': 'False', 'cache_selected_only': 'False', 'fail_fast': 'False', 'debug': 'False', 'log_format': 'default', 'partial_parse': 'True', 'send_anonymous_usage_stats': 'True', 'quiet': 'False', 'warn_error': 'None', 'profiles_dir': 'C:\\Users\\deepi\\.dbt', 'use_colors': 'True', 'indirect_selection': 'eager', 'invocation_command': 'dbt run', 'use_experimental_parser': 'False', 'log_path': 'logs'}
[0m12:08:14.263866 [error] [MainThread]: Encountered an error:
Runtime Error
  No dbt_project.yml found at expected path C:\Users\deepi\Documents\Practice_projects\SN&DBTproject\DBT_snowflake\dbt_project.yml
  Verify that each entry within packages.yml (and their transitive dependencies) contains a file named dbt_project.yml
  
[0m12:08:14.263866 [debug] [MainThread]: Command `dbt run` failed at 12:08:14.263866 after 0.23 seconds
[0m12:08:14.263866 [debug] [MainThread]: Sending event: {'category': 'dbt', 'action': 'invocation', 'label': 'end', 'context': [<snowplow_tracker.self_describing_json.SelfDescribingJson object at 0x000001AAE2A29FA0>, <snowplow_tracker.self_describing_json.SelfDescribingJson object at 0x000001AAE29B3230>, <snowplow_tracker.self_describing_json.SelfDescribingJson object at 0x000001AAE283CE00>]}
[0m12:08:14.263866 [debug] [MainThread]: Flushing usage events
[0m12:08:14.858270 [debug] [MainThread]: An error was encountered while trying to flush usage events
